<?xml version="1.0" encoding="UTF-8"?>
<testsuite name="com.example.employeemanagement.service.EmployeeServiceTest" tests="7" skipped="0" failures="0" errors="0" timestamp="2023-12-17T20:16:34" hostname="DESKTOP-M08484N" time="0.069">
  <properties/>
  <testcase name="updateEmployeeException1Test()" classname="com.example.employeemanagement.service.EmployeeServiceTest" time="0.006"/>
  <testcase name="getEmployeeExceptionTest()" classname="com.example.employeemanagement.service.EmployeeServiceTest" time="0.005"/>
  <testcase name="getEmployeeTest()" classname="com.example.employeemanagement.service.EmployeeServiceTest" time="0.022"/>
  <testcase name="saveEmployeeTest()" classname="com.example.employeemanagement.service.EmployeeServiceTest" time="0.009"/>
  <testcase name="deleteEmployeeTest()" classname="com.example.employeemanagement.service.EmployeeServiceTest" time="0.004"/>
  <testcase name="updateEmployeeTest()" classname="com.example.employeemanagement.service.EmployeeServiceTest" time="0.005"/>
  <testcase name="getAllEmployeeTest()" classname="com.example.employeemanagement.service.EmployeeServiceTest" time="0.004"/>
  <system-out><![CDATA[2023-12-18T00:16:34.906+04:00  INFO 2552 --- [    Test worker] t.c.s.AnnotationConfigContextLoaderUtils : Could not detect default configuration classes for test class [com.example.employeemanagement.service.EmployeeServiceTest]: EmployeeServiceTest does not declare any static, non-private, non-final, nested classes annotated with @Configuration.
2023-12-18T00:16:34.907+04:00  INFO 2552 --- [    Test worker] .b.t.c.SpringBootTestContextBootstrapper : Found @SpringBootConfiguration com.example.employeemanagement.EmployeeManagementApplication for test class com.example.employeemanagement.service.EmployeeServiceTest
2023-12-18T00:16:34.996+04:00  INFO 2552 --- [    Test worker] c.e.e.service.impl.EmployeeServiceImpl   : ActionLog.updateEmployee.start id: 1
2023-12-18T00:16:34.996+04:00  INFO 2552 --- [    Test worker] c.e.e.service.impl.EmployeeServiceImpl   : ActionLog.getEmployee.start id: 0
2023-12-18T00:16:35.011+04:00  INFO 2552 --- [    Test worker] c.e.e.service.impl.EmployeeServiceImpl   : ActionLog.getEmployee.start id: 1
2023-12-18T00:16:35.011+04:00  INFO 2552 --- [    Test worker] c.e.e.service.impl.EmployeeServiceImpl   : ActionLog.getEmployee.end response: EmployeeResponse[id=1, name=Ali, surname=null, email=null, positionId=0, status=false]
2023-12-18T00:16:35.034+04:00  INFO 2552 --- [    Test worker] c.e.e.service.impl.EmployeeServiceImpl   : ActionLog.saveEmployee.start request: EmployeeRequest[name=Qara, surname=Abdullayev, email=qara.abdullayev171@mail.com, positionId=1, status=true]
2023-12-18T00:16:35.040+04:00  INFO 2552 --- [    Test worker] c.e.e.service.impl.EmployeeServiceImpl   : ActionLog.saveEmployee.end response: EmployeeResponse[id=1, name=Qara, surname=Abdullayev, email=null, positionId=0, status=false]
2023-12-18T00:16:35.040+04:00  INFO 2552 --- [    Test worker] c.e.e.service.impl.EmployeeServiceImpl   : ActionLog.deleteEmployee.start id: 1
2023-12-18T00:16:35.040+04:00  INFO 2552 --- [    Test worker] c.e.e.service.impl.EmployeeServiceImpl   : ActionLog.deleteEmployee.end id: 1
2023-12-18T00:16:35.052+04:00  INFO 2552 --- [    Test worker] c.e.e.service.impl.EmployeeServiceImpl   : ActionLog.updateEmployee.start id: 1
2023-12-18T00:16:35.055+04:00  INFO 2552 --- [    Test worker] c.e.e.service.impl.EmployeeServiceImpl   : ActionLog.updateEmployee.end response: EmployeeResponse[id=1, name=Qara, surname=Abdullayev, email=qara.abdullayev171@mail.com, positionId=1, status=true]
2023-12-18T00:16:35.060+04:00  INFO 2552 --- [    Test worker] c.e.e.service.impl.EmployeeServiceImpl   : ActionLog.getAllEmployee.start 
2023-12-18T00:16:35.060+04:00  INFO 2552 --- [    Test worker] c.e.e.service.impl.EmployeeServiceImpl   : ActionLog.getAllEmployee.end Employee count: 2
]]></system-out>
  <system-err><![CDATA[]]></system-err>
</testsuite>
