<?xml version="1.0" encoding="UTF-8"?>
<testsuite name="com.example.employeemanagement.controller.AuthControllerTest" tests="2" skipped="0" failures="0" errors="0" timestamp="2023-12-17T20:16:27" hostname="DESKTOP-M08484N" time="0.53">
  <properties/>
  <testcase name="loginTest()" classname="com.example.employeemanagement.controller.AuthControllerTest" time="0.366"/>
  <testcase name="saveUserTest()" classname="com.example.employeemanagement.controller.AuthControllerTest" time="0.161"/>
  <system-out><![CDATA[00:16:17.420 [Test worker] INFO org.springframework.test.context.support.AnnotationConfigContextLoaderUtils -- Could not detect default configuration classes for test class [com.example.employeemanagement.controller.AuthControllerTest]: AuthControllerTest does not declare any static, non-private, non-final, nested classes annotated with @Configuration.
00:16:17.605 [Test worker] INFO org.springframework.boot.test.context.SpringBootTestContextBootstrapper -- Found @SpringBootConfiguration com.example.employeemanagement.EmployeeManagementApplication for test class com.example.employeemanagement.controller.AuthControllerTest

  .   ____          _            __ _ _
 /\\ / ___'_ __ _ _(_)_ __  __ _ \ \ \ \
( ( )\___ | '_ | '_| | '_ \/ _` | \ \ \ \
 \\/  ___)| |_)| | | | | || (_| |  ) ) ) )
  '  |____| .__|_| |_|_| |_\__, | / / / /
 =========|_|==============|___/=/_/_/_/
 :: Spring Boot ::                (v3.2.0)

2023-12-18T00:16:18.550+04:00  INFO 2552 --- [    Test worker] c.e.e.controller.AuthControllerTest      : Starting AuthControllerTest using Java 21 with PID 2552 (started by Kochari in D:\lesson\Projects\EmployeeManagement)
2023-12-18T00:16:18.551+04:00  INFO 2552 --- [    Test worker] c.e.e.controller.AuthControllerTest      : No active profile set, falling back to 1 default profile: "default"
2023-12-18T00:16:19.628+04:00  INFO 2552 --- [    Test worker] .s.d.r.c.RepositoryConfigurationDelegate : Bootstrapping Spring Data JPA repositories in DEFAULT mode.
2023-12-18T00:16:19.742+04:00  INFO 2552 --- [    Test worker] .s.d.r.c.RepositoryConfigurationDelegate : Finished Spring Data repository scanning in 97 ms. Found 5 JPA repository interfaces.
2023-12-18T00:16:22.028+04:00  INFO 2552 --- [    Test worker] o.hibernate.jpa.internal.util.LogHelper  : HHH000204: Processing PersistenceUnitInfo [name: default]
2023-12-18T00:16:22.149+04:00  INFO 2552 --- [    Test worker] org.hibernate.Version                    : HHH000412: Hibernate ORM core version 6.3.1.Final
2023-12-18T00:16:22.223+04:00  INFO 2552 --- [    Test worker] o.h.c.internal.RegionFactoryInitiator    : HHH000026: Second-level cache disabled
2023-12-18T00:16:22.432+04:00  INFO 2552 --- [    Test worker] o.s.o.j.p.SpringPersistenceUnitInfo      : No LoadTimeWeaver setup: ignoring JPA class transformer
2023-12-18T00:16:22.474+04:00  INFO 2552 --- [    Test worker] com.zaxxer.hikari.HikariDataSource       : HikariPool-1 - Starting...
2023-12-18T00:16:23.207+04:00  INFO 2552 --- [    Test worker] com.zaxxer.hikari.pool.HikariPool        : HikariPool-1 - Added connection com.mysql.cj.jdbc.ConnectionImpl@5a3be84
2023-12-18T00:16:23.212+04:00  INFO 2552 --- [    Test worker] com.zaxxer.hikari.HikariDataSource       : HikariPool-1 - Start completed.
2023-12-18T00:16:23.277+04:00  WARN 2552 --- [    Test worker] org.hibernate.orm.deprecation            : HHH90000025: MySQL8Dialect does not need to be specified explicitly using 'hibernate.dialect' (remove the property setting and it will be selected by default)
2023-12-18T00:16:23.277+04:00  WARN 2552 --- [    Test worker] org.hibernate.orm.deprecation            : HHH90000026: MySQL8Dialect has been deprecated; use org.hibernate.dialect.MySQLDialect instead
2023-12-18T00:16:24.959+04:00  INFO 2552 --- [    Test worker] o.h.e.t.j.p.i.JtaPlatformInitiator       : HHH000489: No JTA platform available (set 'hibernate.transaction.jta.platform' to enable JTA platform integration)
2023-12-18T00:16:25.113+04:00  INFO 2552 --- [    Test worker] j.LocalContainerEntityManagerFactoryBean : Initialized JPA EntityManagerFactory for persistence unit 'default'
2023-12-18T00:16:25.987+04:00  WARN 2552 --- [    Test worker] JpaBaseConfiguration$JpaWebConfiguration : spring.jpa.open-in-view is enabled by default. Therefore, database queries may be performed during view rendering. Explicitly configure spring.jpa.open-in-view to disable this warning
2023-12-18T00:16:26.497+04:00  INFO 2552 --- [    Test worker] o.s.s.web.DefaultSecurityFilterChain     : Will secure any request with [org.springframework.security.web.session.DisableEncodeUrlFilter@504f2bcd, org.springframework.security.web.context.request.async.WebAsyncManagerIntegrationFilter@3c7e7ffd, org.springframework.security.web.context.SecurityContextHolderFilter@66f15ce5, org.springframework.security.web.header.HeaderWriterFilter@75af5f2a, org.springframework.web.filter.CorsFilter@45d28ab7, org.springframework.security.web.authentication.logout.LogoutFilter@7c3bac88, com.example.employeemanagement.security.AuthFilter@4f45290f, org.springframework.security.web.savedrequest.RequestCacheAwareFilter@3ab7b0f, org.springframework.security.web.servletapi.SecurityContextHolderAwareRequestFilter@1621264e, org.springframework.security.web.authentication.AnonymousAuthenticationFilter@51dd74a0, org.springframework.security.web.access.ExceptionTranslationFilter@4ac64dc2, org.springframework.security.web.access.intercept.AuthorizationFilter@ceeb762]
2023-12-18T00:16:27.563+04:00  INFO 2552 --- [    Test worker] o.s.b.t.m.w.SpringBootMockServletContext : Initializing Spring TestDispatcherServlet ''
2023-12-18T00:16:27.563+04:00  INFO 2552 --- [    Test worker] o.s.t.web.servlet.TestDispatcherServlet  : Initializing Servlet ''
2023-12-18T00:16:27.565+04:00  INFO 2552 --- [    Test worker] o.s.t.web.servlet.TestDispatcherServlet  : Completed initialization in 2 ms
2023-12-18T00:16:27.612+04:00  INFO 2552 --- [    Test worker] c.e.e.controller.AuthControllerTest      : Started AuthControllerTest in 9.65 seconds (process running for 13.555)
2023-12-18T00:16:27.822+04:00  WARN 2552 --- [    Test worker] o.s.w.s.h.HandlerMappingIntrospector     : Cache miss for REQUEST dispatch to '/api/v1/employee-management/auth/login' (previous null). Performing CorsConfiguration lookup. This is logged once only at WARN level, and every time at TRACE.

MockHttpServletRequest:
      HTTP Method = POST
      Request URI = /api/v1/employee-management/auth/login
       Parameters = {}
          Headers = [Content-Type:"application/json;charset=UTF-8", Content-Length:"45"]
             Body = {"username":"m.rauf","password":"M.erufn23#"}
    Session Attrs = {}

Handler:
             Type = com.example.employeemanagement.controller.AuthController
           Method = com.example.employeemanagement.controller.AuthController#login(LoginReguest)

Async:
    Async started = false
     Async result = null

Resolved Exception:
             Type = null

ModelAndView:
        View name = null
             View = null
            Model = null

FlashMap:
       Attributes = null

MockHttpServletResponse:
           Status = 200
    Error message = null
          Headers = [Vary:"Origin", "Access-Control-Request-Method", "Access-Control-Request-Headers", Content-Type:"application/json", X-Content-Type-Options:"nosniff", X-XSS-Protection:"0", Cache-Control:"no-cache, no-store, max-age=0, must-revalidate", Pragma:"no-cache", Expires:"0", X-Frame-Options:"DENY"]
     Content type = application/json
             Body = {"token":"jwtToken"}
    Forwarded URL = null
   Redirected URL = null
          Cookies = []

MockHttpServletRequest:
      HTTP Method = POST
      Request URI = /api/v1/employee-management/auth/register
       Parameters = {}
          Headers = [Content-Type:"application/json;charset=UTF-8", Content-Length:"133"]
             Body = {"name":"Arzu","surname":"Veliyev","email":"arzu.valiyev@mail.com","username":"v.arzu","password":"WCer349#ol","roleDtos":[{"id":1}]}
    Session Attrs = {}

Handler:
             Type = com.example.employeemanagement.controller.AuthController
           Method = com.example.employeemanagement.controller.AuthController#saveUser(UserRequest)

Async:
    Async started = false
     Async result = null

Resolved Exception:
             Type = null

ModelAndView:
        View name = null
             View = null
            Model = null

FlashMap:
       Attributes = null

MockHttpServletResponse:
           Status = 200
    Error message = null
          Headers = [Vary:"Origin", "Access-Control-Request-Method", "Access-Control-Request-Headers", Content-Type:"application/json", X-Content-Type-Options:"nosniff", X-XSS-Protection:"0", Cache-Control:"no-cache, no-store, max-age=0, must-revalidate", Pragma:"no-cache", Expires:"0", X-Frame-Options:"DENY"]
     Content type = application/json
             Body = {"id":1,"name":"Arzu","surname":"Veliyev","email":"arzu.valiyev@mail.com"}
    Forwarded URL = null
   Redirected URL = null
          Cookies = []
]]></system-out>
  <system-err><![CDATA[WARNING: A Java agent has been loaded dynamically (C:\Users\Kochari\.gradle\caches\modules-2\files-2.1\net.bytebuddy\byte-buddy-agent\1.14.10\90ed94ac044ea8953b224304c762316e91fd6b31\byte-buddy-agent-1.14.10.jar)
WARNING: If a serviceability tool is in use, please run with -XX:+EnableDynamicAgentLoading to hide this warning
WARNING: If a serviceability tool is not in use, please run with -Djdk.instrument.traceUsage for more information
WARNING: Dynamic loading of agents will be disallowed by default in a future release
]]></system-err>
</testsuite>
