<?xml version="1.0" encoding="UTF-8"?>
<testsuite name="com.example.employeemanagement.service.UserServiceTest" tests="3" skipped="0" failures="0" errors="0" timestamp="2023-12-17T20:16:35" hostname="DESKTOP-M08484N" time="0.027">
  <properties/>
  <testcase name="saveUser()" classname="com.example.employeemanagement.service.UserServiceTest" time="0.01"/>
  <testcase name="loginTest()" classname="com.example.employeemanagement.service.UserServiceTest" time="0.006"/>
  <testcase name="loginExceptionTest()" classname="com.example.employeemanagement.service.UserServiceTest" time="0.006"/>
  <system-out><![CDATA[2023-12-18T00:16:35.220+04:00  INFO 2552 --- [    Test worker] t.c.s.AnnotationConfigContextLoaderUtils : Could not detect default configuration classes for test class [com.example.employeemanagement.service.UserServiceTest]: UserServiceTest does not declare any static, non-private, non-final, nested classes annotated with @Configuration.
2023-12-18T00:16:35.220+04:00  INFO 2552 --- [    Test worker] .b.t.c.SpringBootTestContextBootstrapper : Found @SpringBootConfiguration com.example.employeemanagement.EmployeeManagementApplication for test class com.example.employeemanagement.service.UserServiceTest
2023-12-18T00:16:35.466+04:00  INFO 2552 --- [    Test worker] c.e.e.service.impl.UserServiceImpl       : ActionLog.saveUser.start request: UserRequest(name=cavid, surname=Muradov, email=null, username=m.cavid, password=12345, roleDtos=null)
2023-12-18T00:16:35.466+04:00  INFO 2552 --- [    Test worker] c.e.e.service.impl.UserServiceImpl       : ActionLog.saveUser.end request: UserResponse[id=1, name=cavid, surname=Muradov, email=null]
2023-12-18T00:16:35.466+04:00  INFO 2552 --- [    Test worker] c.e.e.service.impl.UserServiceImpl       : ActionLog.login.start request: LoginReguest[username=m.cavid, password=12345]
2023-12-18T00:16:35.466+04:00  INFO 2552 --- [    Test worker] c.e.e.service.impl.UserServiceImpl       : ActionLog.login.end request: LoginReguest[username=m.cavid, password=12345]
2023-12-18T00:16:35.485+04:00  INFO 2552 --- [    Test worker] c.e.e.service.impl.UserServiceImpl       : ActionLog.login.start request: LoginReguest[username=m.cavid, password=12345]
]]></system-out>
  <system-err><![CDATA[]]></system-err>
</testsuite>
