<?xml version="1.0" encoding="UTF-8"?>
<testsuite name="com.example.employeemanagement.service.DepartmentServiceTest" tests="7" skipped="0" failures="0" errors="0" timestamp="2023-12-17T20:16:34" hostname="DESKTOP-M08484N" time="0.155">
  <properties/>
  <testcase name="updateDepartmentTest()" classname="com.example.employeemanagement.service.DepartmentServiceTest" time="0.022"/>
  <testcase name="getAllDepartmentTest()" classname="com.example.employeemanagement.service.DepartmentServiceTest" time="0.084"/>
  <testcase name="deleteDepartmentTest()" classname="com.example.employeemanagement.service.DepartmentServiceTest" time="0.019"/>
  <testcase name="getDepartmentTest()" classname="com.example.employeemanagement.service.DepartmentServiceTest" time="0.009"/>
  <testcase name="saveDepartmentTest()" classname="com.example.employeemanagement.service.DepartmentServiceTest" time="0.004"/>
  <testcase name="updateDepartmentException()" classname="com.example.employeemanagement.service.DepartmentServiceTest" time="0.003"/>
  <testcase name="getDepartmentExceptionTest()" classname="com.example.employeemanagement.service.DepartmentServiceTest" time="0.003"/>
  <system-out><![CDATA[2023-12-18T00:16:33.445+04:00  INFO 2552 --- [    Test worker] t.c.s.AnnotationConfigContextLoaderUtils : Could not detect default configuration classes for test class [com.example.employeemanagement.service.DepartmentServiceTest]: DepartmentServiceTest does not declare any static, non-private, non-final, nested classes annotated with @Configuration.
2023-12-18T00:16:33.450+04:00  INFO 2552 --- [    Test worker] .b.t.c.SpringBootTestContextBootstrapper : Found @SpringBootConfiguration com.example.employeemanagement.EmployeeManagementApplication for test class com.example.employeemanagement.service.DepartmentServiceTest

  .   ____          _            __ _ _
 /\\ / ___'_ __ _ _(_)_ __  __ _ \ \ \ \
( ( )\___ | '_ | '_| | '_ \/ _` | \ \ \ \
 \\/  ___)| |_)| | | | | || (_| |  ) ) ) )
  '  |____| .__|_| |_|_| |_\__, | / / / /
 =========|_|==============|___/=/_/_/_/
 :: Spring Boot ::                (v3.2.0)

2023-12-18T00:16:33.484+04:00  INFO 2552 --- [    Test worker] c.e.e.service.DepartmentServiceTest      : Starting DepartmentServiceTest using Java 21 with PID 2552 (started by Kochari in D:\lesson\Projects\EmployeeManagement)
2023-12-18T00:16:33.484+04:00  INFO 2552 --- [    Test worker] c.e.e.service.DepartmentServiceTest      : No active profile set, falling back to 1 default profile: "default"
2023-12-18T00:16:33.683+04:00  INFO 2552 --- [    Test worker] .s.d.r.c.RepositoryConfigurationDelegate : Bootstrapping Spring Data JPA repositories in DEFAULT mode.
2023-12-18T00:16:33.700+04:00  INFO 2552 --- [    Test worker] .s.d.r.c.RepositoryConfigurationDelegate : Finished Spring Data repository scanning in 19 ms. Found 5 JPA repository interfaces.
2023-12-18T00:16:33.797+04:00  INFO 2552 --- [    Test worker] o.hibernate.jpa.internal.util.LogHelper  : HHH000204: Processing PersistenceUnitInfo [name: default]
2023-12-18T00:16:33.807+04:00  INFO 2552 --- [    Test worker] o.h.c.internal.RegionFactoryInitiator    : HHH000026: Second-level cache disabled
2023-12-18T00:16:33.813+04:00  INFO 2552 --- [    Test worker] o.s.o.j.p.SpringPersistenceUnitInfo      : No LoadTimeWeaver setup: ignoring JPA class transformer
2023-12-18T00:16:33.813+04:00  INFO 2552 --- [    Test worker] com.zaxxer.hikari.HikariDataSource       : HikariPool-5 - Starting...
2023-12-18T00:16:33.841+04:00  INFO 2552 --- [    Test worker] com.zaxxer.hikari.pool.HikariPool        : HikariPool-5 - Added connection com.mysql.cj.jdbc.ConnectionImpl@6852f1d
2023-12-18T00:16:33.842+04:00  INFO 2552 --- [    Test worker] com.zaxxer.hikari.HikariDataSource       : HikariPool-5 - Start completed.
2023-12-18T00:16:33.842+04:00  WARN 2552 --- [    Test worker] org.hibernate.orm.deprecation            : HHH90000025: MySQL8Dialect does not need to be specified explicitly using 'hibernate.dialect' (remove the property setting and it will be selected by default)
2023-12-18T00:16:33.842+04:00  WARN 2552 --- [    Test worker] org.hibernate.orm.deprecation            : HHH90000026: MySQL8Dialect has been deprecated; use org.hibernate.dialect.MySQLDialect instead
2023-12-18T00:16:33.951+04:00  INFO 2552 --- [    Test worker] o.h.e.t.j.p.i.JtaPlatformInitiator       : HHH000489: No JTA platform available (set 'hibernate.transaction.jta.platform' to enable JTA platform integration)
2023-12-18T00:16:34.018+04:00  INFO 2552 --- [    Test worker] j.LocalContainerEntityManagerFactoryBean : Initialized JPA EntityManagerFactory for persistence unit 'default'
2023-12-18T00:16:34.138+04:00  WARN 2552 --- [    Test worker] JpaBaseConfiguration$JpaWebConfiguration : spring.jpa.open-in-view is enabled by default. Therefore, database queries may be performed during view rendering. Explicitly configure spring.jpa.open-in-view to disable this warning
2023-12-18T00:16:34.223+04:00  INFO 2552 --- [    Test worker] o.s.s.web.DefaultSecurityFilterChain     : Will secure any request with [org.springframework.security.web.session.DisableEncodeUrlFilter@362f4176, org.springframework.security.web.context.request.async.WebAsyncManagerIntegrationFilter@7ce65a05, org.springframework.security.web.context.SecurityContextHolderFilter@6fb1dd9d, org.springframework.security.web.header.HeaderWriterFilter@1c057fc8, org.springframework.web.filter.CorsFilter@45940c10, org.springframework.security.web.authentication.logout.LogoutFilter@58f24e38, com.example.employeemanagement.security.AuthFilter@1d0d4478, org.springframework.security.web.savedrequest.RequestCacheAwareFilter@749979f4, org.springframework.security.web.servletapi.SecurityContextHolderAwareRequestFilter@e02f48e, org.springframework.security.web.authentication.AnonymousAuthenticationFilter@1cce63a4, org.springframework.security.web.access.ExceptionTranslationFilter@77b1ba0b, org.springframework.security.web.access.intercept.AuthorizationFilter@7e24f4e2]
2023-12-18T00:16:34.551+04:00  INFO 2552 --- [    Test worker] c.e.e.service.DepartmentServiceTest      : Started DepartmentServiceTest in 1.094 seconds (process running for 20.496)
2023-12-18T00:16:34.753+04:00  INFO 2552 --- [    Test worker] c.e.e.s.impl.DepartmentServiceImpl       : ActionLog.updateDepartment.start id: 1
2023-12-18T00:16:34.756+04:00  INFO 2552 --- [    Test worker] c.e.e.s.impl.DepartmentServiceImpl       : ActionLog.updateDepartment.end response: DepartmentResponse[id=1, name=Security]
2023-12-18T00:16:34.770+04:00  INFO 2552 --- [    Test worker] c.e.e.s.impl.DepartmentServiceImpl       : ActionLog.getAllDepartment.start
2023-12-18T00:16:34.770+04:00  INFO 2552 --- [    Test worker] c.e.e.s.impl.DepartmentServiceImpl       : ActionLog.getAllDepartment.end Department count: 2
2023-12-18T00:16:34.862+04:00  INFO 2552 --- [    Test worker] c.e.e.s.impl.DepartmentServiceImpl       : ActionLog.deleteDepartment.start id: 1
2023-12-18T00:16:34.862+04:00  INFO 2552 --- [    Test worker] c.e.e.s.impl.DepartmentServiceImpl       : ActionLog.deleteDepartment.end successfully
2023-12-18T00:16:34.880+04:00  INFO 2552 --- [    Test worker] c.e.e.s.impl.DepartmentServiceImpl       : ActionLog.getDepartment.start id: 1
2023-12-18T00:16:34.882+04:00  INFO 2552 --- [    Test worker] c.e.e.s.impl.DepartmentServiceImpl       : ActionLog.getDepartment.end response: DepartmentResponse[id=1, name=IT]
2023-12-18T00:16:34.887+04:00  INFO 2552 --- [    Test worker] c.e.e.s.impl.DepartmentServiceImpl       : ActionLog.saveDepartment.start request: DepartmentRequest[name=IT]
2023-12-18T00:16:34.887+04:00  INFO 2552 --- [    Test worker] c.e.e.s.impl.DepartmentServiceImpl       : ActionLog.saveDepartment.end response: DepartmentResponse[id=1, name=IT]
2023-12-18T00:16:34.896+04:00  INFO 2552 --- [    Test worker] c.e.e.s.impl.DepartmentServiceImpl       : ActionLog.updateDepartment.start id: 1
2023-12-18T00:16:34.903+04:00  INFO 2552 --- [    Test worker] c.e.e.s.impl.DepartmentServiceImpl       : ActionLog.getDepartment.start id: 0
]]></system-out>
  <system-err><![CDATA[]]></system-err>
</testsuite>
