<?xml version="1.0" encoding="UTF-8"?>
<testsuite name="com.example.employeemanagement.controller.service.UserServiceTest" tests="1" skipped="0" failures="0" errors="0" timestamp="2023-11-28T13:33:22" hostname="DESKTOP-M08484N" time="0.146">
  <properties/>
  <testcase name="loginTest()" classname="com.example.employeemanagement.controller.service.UserServiceTest" time="0.146"/>
  <system-out><![CDATA[17:33:15.768 [Test worker] INFO org.springframework.test.context.support.AnnotationConfigContextLoaderUtils -- Could not detect default configuration classes for test class [com.example.employeemanagement.controller.service.UserServiceTest]: UserServiceTest does not declare any static, non-private, non-final, nested classes annotated with @Configuration.
17:33:15.925 [Test worker] INFO org.springframework.boot.test.context.SpringBootTestContextBootstrapper -- Found @SpringBootConfiguration com.example.employeemanagement.EmployeeManagementApplication for test class com.example.employeemanagement.controller.service.UserServiceTest

  .   ____          _            __ _ _
 /\\ / ___'_ __ _ _(_)_ __  __ _ \ \ \ \
( ( )\___ | '_ | '_| | '_ \/ _` | \ \ \ \
 \\/  ___)| |_)| | | | | || (_| |  ) ) ) )
  '  |____| .__|_| |_|_| |_\__, | / / / /
 =========|_|==============|___/=/_/_/_/
 :: Spring Boot ::                (v3.1.5)

2023-11-28T17:33:16.412+04:00  INFO 16240 --- [    Test worker] c.e.e.c.service.UserServiceTest          : Starting UserServiceTest using Java 21 with PID 16240 (started by Kochari in D:\lesson\Projects\EmployeeManagement)
2023-11-28T17:33:16.428+04:00  INFO 16240 --- [    Test worker] c.e.e.c.service.UserServiceTest          : No active profile set, falling back to 1 default profile: "default"
2023-11-28T17:33:17.204+04:00  INFO 16240 --- [    Test worker] .s.d.r.c.RepositoryConfigurationDelegate : Bootstrapping Spring Data JPA repositories in DEFAULT mode.
2023-11-28T17:33:17.282+04:00  INFO 16240 --- [    Test worker] .s.d.r.c.RepositoryConfigurationDelegate : Finished Spring Data repository scanning in 68 ms. Found 5 JPA repository interfaces.
2023-11-28T17:33:17.920+04:00  INFO 16240 --- [    Test worker] o.hibernate.jpa.internal.util.LogHelper  : HHH000204: Processing PersistenceUnitInfo [name: default]
2023-11-28T17:33:17.998+04:00  INFO 16240 --- [    Test worker] org.hibernate.Version                    : HHH000412: Hibernate ORM core version 6.2.13.Final
2023-11-28T17:33:18.014+04:00  INFO 16240 --- [    Test worker] org.hibernate.cfg.Environment            : HHH000406: Using bytecode reflection optimizer
2023-11-28T17:33:18.336+04:00  INFO 16240 --- [    Test worker] o.s.o.j.p.SpringPersistenceUnitInfo      : No LoadTimeWeaver setup: ignoring JPA class transformer
2023-11-28T17:33:18.360+04:00  INFO 16240 --- [    Test worker] com.zaxxer.hikari.HikariDataSource       : HikariPool-1 - Starting...
2023-11-28T17:33:18.828+04:00  INFO 16240 --- [    Test worker] com.zaxxer.hikari.pool.HikariPool        : HikariPool-1 - Added connection com.mysql.cj.jdbc.ConnectionImpl@3c4059a
2023-11-28T17:33:18.831+04:00  INFO 16240 --- [    Test worker] com.zaxxer.hikari.HikariDataSource       : HikariPool-1 - Start completed.
2023-11-28T17:33:18.891+04:00  WARN 16240 --- [    Test worker] org.hibernate.orm.deprecation            : HHH90000025: MySQL8Dialect does not need to be specified explicitly using 'hibernate.dialect' (remove the property setting and it will be selected by default)
2023-11-28T17:33:18.907+04:00  WARN 16240 --- [    Test worker] org.hibernate.orm.deprecation            : HHH90000026: MySQL8Dialect has been deprecated; use org.hibernate.dialect.MySQLDialect instead
2023-11-28T17:33:20.017+04:00  INFO 16240 --- [    Test worker] o.h.e.t.j.p.i.JtaPlatformInitiator       : HHH000489: No JTA platform available (set 'hibernate.transaction.jta.platform' to enable JTA platform integration)
2023-11-28T17:33:20.141+04:00  INFO 16240 --- [    Test worker] j.LocalContainerEntityManagerFactoryBean : Initialized JPA EntityManagerFactory for persistence unit 'default'
2023-11-28T17:33:20.771+04:00  WARN 16240 --- [    Test worker] JpaBaseConfiguration$JpaWebConfiguration : spring.jpa.open-in-view is enabled by default. Therefore, database queries may be performed during view rendering. Explicitly configure spring.jpa.open-in-view to disable this warning
2023-11-28T17:33:20.881+04:00  INFO 16240 --- [    Test worker] o.s.s.web.DefaultSecurityFilterChain     : Will secure any request with [org.springframework.security.web.session.DisableEncodeUrlFilter@20e73e41, org.springframework.security.web.context.request.async.WebAsyncManagerIntegrationFilter@694dc99b, org.springframework.security.web.context.SecurityContextHolderFilter@536f389, org.springframework.security.web.header.HeaderWriterFilter@1bd6bfb0, org.springframework.security.web.authentication.logout.LogoutFilter@69542112, com.example.employeemanagement.filter.AuthFilter@7925e772, org.springframework.security.web.savedrequest.RequestCacheAwareFilter@71b6edfb, org.springframework.security.web.servletapi.SecurityContextHolderAwareRequestFilter@6f6998b6, org.springframework.security.web.authentication.AnonymousAuthenticationFilter@6d71f296, org.springframework.security.web.access.ExceptionTranslationFilter@6d7a343f, org.springframework.security.web.access.intercept.AuthorizationFilter@40612056]
2023-11-28T17:33:21.933+04:00  INFO 16240 --- [    Test worker] c.e.e.c.service.UserServiceTest          : Started UserServiceTest in 5.827 seconds (process running for 7.127)
2023-11-28T17:33:23.017+04:00  INFO 16240 --- [    Test worker] c.e.e.service.impl.UserServiceImpl       : ActionLog.login.start request: LoginReguest(username=m.cavid, password=12345)
2023-11-28T17:33:23.032+04:00  INFO 16240 --- [    Test worker] c.e.e.service.impl.UserServiceImpl       : ActionLog.login.end request: LoginReguest(username=m.cavid, password=12345)
]]></system-out>
  <system-err><![CDATA[WARNING: A Java agent has been loaded dynamically (C:\Users\Kochari\.gradle\caches\modules-2\files-2.1\net.bytebuddy\byte-buddy-agent\1.14.9\dfb8707031008535048bad2b69735f46d0b6c5e5\byte-buddy-agent-1.14.9.jar)
WARNING: If a serviceability tool is in use, please run with -XX:+EnableDynamicAgentLoading to hide this warning
WARNING: If a serviceability tool is not in use, please run with -Djdk.instrument.traceUsage for more information
WARNING: Dynamic loading of agents will be disallowed by default in a future release
]]></system-err>
</testsuite>
