<?xml version="1.0" encoding="UTF-8"?>
<testsuite name="com.example.employeemanagement.controller.PositionControllerTest" tests="5" skipped="0" failures="0" errors="0" timestamp="2023-12-17T20:16:33" hostname="DESKTOP-M08484N" time="0.102">
  <properties/>
  <testcase name="savePositionTest()" classname="com.example.employeemanagement.controller.PositionControllerTest" time="0.034"/>
  <testcase name="deletePositionTest()" classname="com.example.employeemanagement.controller.PositionControllerTest" time="0.012"/>
  <testcase name="updatePositionTest()" classname="com.example.employeemanagement.controller.PositionControllerTest" time="0.028"/>
  <testcase name="getAllPositionTest()" classname="com.example.employeemanagement.controller.PositionControllerTest" time="0.014"/>
  <testcase name="getPositionTest()" classname="com.example.employeemanagement.controller.PositionControllerTest" time="0.009"/>
  <system-out><![CDATA[2023-12-18T00:16:31.981+04:00  INFO 2552 --- [    Test worker] t.c.s.AnnotationConfigContextLoaderUtils : Could not detect default configuration classes for test class [com.example.employeemanagement.controller.PositionControllerTest]: PositionControllerTest does not declare any static, non-private, non-final, nested classes annotated with @Configuration.
2023-12-18T00:16:31.988+04:00  INFO 2552 --- [    Test worker] .b.t.c.SpringBootTestContextBootstrapper : Found @SpringBootConfiguration com.example.employeemanagement.EmployeeManagementApplication for test class com.example.employeemanagement.controller.PositionControllerTest

  .   ____          _            __ _ _
 /\\ / ___'_ __ _ _(_)_ __  __ _ \ \ \ \
( ( )\___ | '_ | '_| | '_ \/ _` | \ \ \ \
 \\/  ___)| |_)| | | | | || (_| |  ) ) ) )
  '  |____| .__|_| |_|_| |_\__, | / / / /
 =========|_|==============|___/=/_/_/_/
 :: Spring Boot ::                (v3.2.0)

2023-12-18T00:16:32.015+04:00  INFO 2552 --- [    Test worker] c.e.e.controller.PositionControllerTest  : Starting PositionControllerTest using Java 21 with PID 2552 (started by Kochari in D:\lesson\Projects\EmployeeManagement)
2023-12-18T00:16:32.015+04:00  INFO 2552 --- [    Test worker] c.e.e.controller.PositionControllerTest  : No active profile set, falling back to 1 default profile: "default"
2023-12-18T00:16:32.255+04:00  INFO 2552 --- [    Test worker] .s.d.r.c.RepositoryConfigurationDelegate : Bootstrapping Spring Data JPA repositories in DEFAULT mode.
2023-12-18T00:16:32.283+04:00  INFO 2552 --- [    Test worker] .s.d.r.c.RepositoryConfigurationDelegate : Finished Spring Data repository scanning in 22 ms. Found 5 JPA repository interfaces.
2023-12-18T00:16:32.445+04:00  INFO 2552 --- [    Test worker] o.hibernate.jpa.internal.util.LogHelper  : HHH000204: Processing PersistenceUnitInfo [name: default]
2023-12-18T00:16:32.445+04:00  INFO 2552 --- [    Test worker] o.h.c.internal.RegionFactoryInitiator    : HHH000026: Second-level cache disabled
2023-12-18T00:16:32.458+04:00  INFO 2552 --- [    Test worker] o.s.o.j.p.SpringPersistenceUnitInfo      : No LoadTimeWeaver setup: ignoring JPA class transformer
2023-12-18T00:16:32.459+04:00  INFO 2552 --- [    Test worker] com.zaxxer.hikari.HikariDataSource       : HikariPool-4 - Starting...
2023-12-18T00:16:32.489+04:00  INFO 2552 --- [    Test worker] com.zaxxer.hikari.pool.HikariPool        : HikariPool-4 - Added connection com.mysql.cj.jdbc.ConnectionImpl@4977e527
2023-12-18T00:16:32.490+04:00  INFO 2552 --- [    Test worker] com.zaxxer.hikari.HikariDataSource       : HikariPool-4 - Start completed.
2023-12-18T00:16:32.490+04:00  WARN 2552 --- [    Test worker] org.hibernate.orm.deprecation            : HHH90000025: MySQL8Dialect does not need to be specified explicitly using 'hibernate.dialect' (remove the property setting and it will be selected by default)
2023-12-18T00:16:32.491+04:00  WARN 2552 --- [    Test worker] org.hibernate.orm.deprecation            : HHH90000026: MySQL8Dialect has been deprecated; use org.hibernate.dialect.MySQLDialect instead
2023-12-18T00:16:32.637+04:00  INFO 2552 --- [    Test worker] o.h.e.t.j.p.i.JtaPlatformInitiator       : HHH000489: No JTA platform available (set 'hibernate.transaction.jta.platform' to enable JTA platform integration)
2023-12-18T00:16:32.709+04:00  INFO 2552 --- [    Test worker] j.LocalContainerEntityManagerFactoryBean : Initialized JPA EntityManagerFactory for persistence unit 'default'
2023-12-18T00:16:32.816+04:00  WARN 2552 --- [    Test worker] JpaBaseConfiguration$JpaWebConfiguration : spring.jpa.open-in-view is enabled by default. Therefore, database queries may be performed during view rendering. Explicitly configure spring.jpa.open-in-view to disable this warning
2023-12-18T00:16:32.904+04:00  INFO 2552 --- [    Test worker] o.s.s.web.DefaultSecurityFilterChain     : Will secure any request with [org.springframework.security.web.session.DisableEncodeUrlFilter@6bc93bcb, org.springframework.security.web.context.request.async.WebAsyncManagerIntegrationFilter@7c698549, org.springframework.security.web.context.SecurityContextHolderFilter@a353dff, org.springframework.security.web.header.HeaderWriterFilter@77966cc3, org.springframework.web.filter.CorsFilter@8f7544a, org.springframework.security.web.authentication.logout.LogoutFilter@1050fcff, com.example.employeemanagement.security.AuthFilter@73a815c2, org.springframework.security.web.savedrequest.RequestCacheAwareFilter@2b360641, org.springframework.security.web.servletapi.SecurityContextHolderAwareRequestFilter@779d7ff4, org.springframework.security.web.authentication.AnonymousAuthenticationFilter@151cbba4, org.springframework.security.web.access.ExceptionTranslationFilter@36ad4b58, org.springframework.security.web.access.intercept.AuthorizationFilter@173158e8]
2023-12-18T00:16:33.309+04:00  INFO 2552 --- [    Test worker] o.s.b.t.m.w.SpringBootMockServletContext : Initializing Spring TestDispatcherServlet ''
2023-12-18T00:16:33.309+04:00  INFO 2552 --- [    Test worker] o.s.t.web.servlet.TestDispatcherServlet  : Initializing Servlet ''
2023-12-18T00:16:33.309+04:00  INFO 2552 --- [    Test worker] o.s.t.web.servlet.TestDispatcherServlet  : Completed initialization in 0 ms
2023-12-18T00:16:33.324+04:00  INFO 2552 --- [    Test worker] c.e.e.controller.PositionControllerTest  : Started PositionControllerTest in 1.333 seconds (process running for 19.266)
2023-12-18T00:16:33.336+04:00  WARN 2552 --- [    Test worker] o.s.w.s.h.HandlerMappingIntrospector     : Cache miss for REQUEST dispatch to '/api/v1/employee-management/position' (previous null). Performing CorsConfiguration lookup. This is logged once only at WARN level, and every time at TRACE.

MockHttpServletRequest:
      HTTP Method = POST
      Request URI = /api/v1/employee-management/position
       Parameters = {}
          Headers = [Content-Type:"application/json;charset=UTF-8", Content-Length:"57"]
             Body = {"name":"IT Specialist","salary":1200.0,"departmentId":1}
    Session Attrs = {}

Handler:
             Type = com.example.employeemanagement.controller.PositionController
           Method = com.example.employeemanagement.controller.PositionController#savePosition(PositionRequest)

Async:
    Async started = false
     Async result = null

Resolved Exception:
             Type = null

ModelAndView:
        View name = null
             View = null
            Model = null

FlashMap:
       Attributes = null

MockHttpServletResponse:
           Status = 200
    Error message = null
          Headers = [Vary:"Origin", "Access-Control-Request-Method", "Access-Control-Request-Headers", Content-Type:"application/json", X-Content-Type-Options:"nosniff", X-XSS-Protection:"0", Cache-Control:"no-cache, no-store, max-age=0, must-revalidate", Pragma:"no-cache", Expires:"0", X-Frame-Options:"DENY"]
     Content type = application/json
             Body = {"id":1,"name":"IT Specialist","salary":1200.0,"departmentId":1}
    Forwarded URL = null
   Redirected URL = null
          Cookies = []

MockHttpServletRequest:
      HTTP Method = DELETE
      Request URI = /api/v1/employee-management/position/1
       Parameters = {}
          Headers = []
             Body = null
    Session Attrs = {}

Handler:
             Type = com.example.employeemanagement.controller.PositionController
           Method = com.example.employeemanagement.controller.PositionController#deletePosition(int)

Async:
    Async started = false
     Async result = null

Resolved Exception:
             Type = null

ModelAndView:
        View name = null
             View = null
            Model = null

FlashMap:
       Attributes = null

MockHttpServletResponse:
           Status = 200
    Error message = null
          Headers = [Vary:"Origin", "Access-Control-Request-Method", "Access-Control-Request-Headers", X-Content-Type-Options:"nosniff", X-XSS-Protection:"0", Cache-Control:"no-cache, no-store, max-age=0, must-revalidate", Pragma:"no-cache", Expires:"0", X-Frame-Options:"DENY"]
     Content type = null
             Body = 
    Forwarded URL = null
   Redirected URL = null
          Cookies = []

MockHttpServletRequest:
      HTTP Method = PATCH
      Request URI = /api/v1/employee-management/position/1
       Parameters = {}
          Headers = [Content-Type:"application/json;charset=UTF-8", Content-Length:"60"]
             Body = {"name":"Python Developer","salary":1200.0,"departmentId":1}
    Session Attrs = {}

Handler:
             Type = com.example.employeemanagement.controller.PositionController
           Method = com.example.employeemanagement.controller.PositionController#updatePosition(PositionRequest, int)

Async:
    Async started = false
     Async result = null

Resolved Exception:
             Type = null

ModelAndView:
        View name = null
             View = null
            Model = null

FlashMap:
       Attributes = null

MockHttpServletResponse:
           Status = 200
    Error message = null
          Headers = [Vary:"Origin", "Access-Control-Request-Method", "Access-Control-Request-Headers", Content-Type:"application/json", X-Content-Type-Options:"nosniff", X-XSS-Protection:"0", Cache-Control:"no-cache, no-store, max-age=0, must-revalidate", Pragma:"no-cache", Expires:"0", X-Frame-Options:"DENY"]
     Content type = application/json
             Body = {"id":1,"name":"Python Developer","salary":1200.0,"departmentId":1}
    Forwarded URL = null
   Redirected URL = null
          Cookies = []

MockHttpServletRequest:
      HTTP Method = GET
      Request URI = /api/v1/employee-management/position/all
       Parameters = {}
          Headers = []
             Body = null
    Session Attrs = {}

Handler:
             Type = com.example.employeemanagement.controller.PositionController
           Method = com.example.employeemanagement.controller.PositionController#getAllPositions()

Async:
    Async started = false
     Async result = null

Resolved Exception:
             Type = null

ModelAndView:
        View name = null
             View = null
            Model = null

FlashMap:
       Attributes = null

MockHttpServletResponse:
           Status = 200
    Error message = null
          Headers = [Vary:"Origin", "Access-Control-Request-Method", "Access-Control-Request-Headers", Content-Type:"application/json", X-Content-Type-Options:"nosniff", X-XSS-Protection:"0", Cache-Control:"no-cache, no-store, max-age=0, must-revalidate", Pragma:"no-cache", Expires:"0", X-Frame-Options:"DENY"]
     Content type = application/json
             Body = [{"id":1,"name":"Python Developer","salary":1200.0,"departmentId":2},{"id":1,"name":"Java Developer","salary":1200.0,"departmentId":4}]
    Forwarded URL = null
   Redirected URL = null
          Cookies = []
]]></system-out>
  <system-err><![CDATA[]]></system-err>
</testsuite>
